23:16:09.242 [main] INFO  com.iit.cs550.pa1.Client - host: %s, port: %s, rootDir: %s
23:16:09.601 [main] INFO  com.iit.cs550.pa1.Client - client dir: %s 
working dir: %s
23:16:09.604 [main] INFO  com.iit.cs550.pa1.Client - Added file %s with client %s:%s:%s
23:16:09.605 [main] INFO  com.iit.cs550.pa1.Client - start up thread pool, waiting for connect on port: %s 
retriving file from dir: %s
23:21:07.174 [main] INFO  com.iit.cs550.pa1.Client - host: localhost, port: 8888, rootDir: client1
23:21:07.527 [main] INFO  com.iit.cs550.pa1.Client - client dir: D:\Users\kyao4\workspace\cs550\client1 
working dir: D:\Users\kyao4\workspace\cs550
23:21:07.529 [main] INFO  com.iit.cs550.pa1.Client - Added file %s with client foo:localhost:8888
23:21:07.531 [main] INFO  com.iit.cs550.pa1.Client - start up thread pool, waiting for connect on port: 8888 
retriving file from dir: client1
23:27:38.384 [main] INFO  com.iit.cs550.pa1.Client - host: localhost, port: 8888, rootDir: client1
23:27:38.786 [main] INFO  com.iit.cs550.pa1.Client - client dir: D:\Users\kyao4\workspace\cs550\client1 
working dir: D:\Users\kyao4\workspace\cs550
23:27:38.789 [main] INFO  com.iit.cs550.pa1.Client - Added file %s with client foo:localhost:8888
23:27:38.791 [main] INFO  com.iit.cs550.pa1.Client - start up thread pool, waiting for connect on port: 8888 
retriving file from dir: client1
23:29:56.616 [main] INFO  com.iit.cs550.pa1.Client - host: localhost, port: 8888, rootDir: client1
23:29:57.197 [main] INFO  com.iit.cs550.pa1.Client - client dir: D:\Users\kyao4\workspace\cs550\client1 
working dir: D:\Users\kyao4\workspace\cs550
23:29:57.202 [main] INFO  com.iit.cs550.pa1.Client - Added file %s with client foo:localhost:8888
23:29:57.203 [main] INFO  com.iit.cs550.pa1.Client - start up thread pool, waiting for connect on port: 8888 
retriving file from dir: client1
23:30:42.581 [main] INFO  com.iit.cs550.pa1.Client - host: localhost, port: 8889, rootDir: client2
23:30:42.925 [main] INFO  com.iit.cs550.pa1.Client - client dir: D:\Users\kyao4\workspace\cs550\client2 
working dir: D:\Users\kyao4\workspace\cs550
23:30:42.926 [main] INFO  com.iit.cs550.pa1.Client - start up thread pool, waiting for connect on port: 8889 
retriving file from dir: client2
23:31:57.835 [main] INFO  com.iit.cs550.pa1.Client - host: localhost, port: 8888, rootDir: client1
23:31:58.166 [main] INFO  com.iit.cs550.pa1.Client - client dir: D:\Users\kyao4\workspace\cs550\client1 
working dir: D:\Users\kyao4\workspace\cs550
23:31:58.168 [main] INFO  com.iit.cs550.pa1.Client - Added file foo with client localhost:8888:client1
23:31:58.169 [main] INFO  com.iit.cs550.pa1.Client - start up thread pool, waiting for connect on port: 8888 
retriving file from dir: client1
23:32:09.778 [main] INFO  com.iit.cs550.pa1.Client - host: localhost, port: 8889, rootDir: client2
23:32:10.107 [main] INFO  com.iit.cs550.pa1.Client - client dir: D:\Users\kyao4\workspace\cs550\client2 
working dir: D:\Users\kyao4\workspace\cs550
23:32:10.109 [main] INFO  com.iit.cs550.pa1.Client - start up thread pool, waiting for connect on port: 8889 
retriving file from dir: client2
23:33:03.078 [Thread-1] INFO  com.iit.cs550.pa1.Client - connect to host: localhost:8888:client1, sent filename and retriving file with name foo
23:33:03.079 [pool-2-thread-1] INFO  com.iit.cs550.pa1.Client - sending file: foo from dir: client1
23:33:03.081 [pool-2-thread-1] INFO  com.iit.cs550.pa1.Client - file foo sent.
23:35:13.015 [main] INFO  com.iit.cs550.pa1.Client - host: localhost, port: 8888, rootDir: client1
23:35:13.356 [main] INFO  com.iit.cs550.pa1.Client - client dir: D:\Users\kyao4\workspace\cs550\client1 
working dir: D:\Users\kyao4\workspace\cs550
23:35:13.358 [main] INFO  com.iit.cs550.pa1.Client - Added file foo with client localhost:8888:client1
23:35:13.359 [main] INFO  com.iit.cs550.pa1.Client - start up thread pool, waiting for connect on port: 8888 
retriving file from dir: client1
23:35:23.841 [main] INFO  com.iit.cs550.pa1.Client - host: localhost, port: 8889, rootDir: client2
23:35:24.181 [main] INFO  com.iit.cs550.pa1.Client - client dir: D:\Users\kyao4\workspace\cs550\client2 
working dir: D:\Users\kyao4\workspace\cs550
23:35:24.183 [main] INFO  com.iit.cs550.pa1.Client - start up thread pool, waiting for connect on port: 8889 
retriving file from dir: client2
23:35:28.414 [Thread-1] INFO  com.iit.cs550.pa1.Client - connect to host: localhost:8888:client1, sent filename and retriving file with name foo
23:35:28.414 [pool-2-thread-1] INFO  com.iit.cs550.pa1.Client - sending file: foo from dir: client1
23:35:28.415 [pool-2-thread-1] INFO  com.iit.cs550.pa1.Client - file foo sent.
23:35:28.416 [Thread-1] INFO  com.iit.cs550.pa1.Client - finished retriving file content.
23:41:32.907 [main] INFO  com.iit.cs550.pa1.Client - host: localhost, port: 8888, rootDir: client1
23:41:33.264 [main] INFO  com.iit.cs550.pa1.Client - client dir: D:\Users\kyao4\workspace\cs550\client1 
working dir: D:\Users\kyao4\workspace\cs550
23:41:33.266 [main] INFO  com.iit.cs550.pa1.Client - Added file foo with client localhost:8888:client1
23:41:33.267 [main] INFO  com.iit.cs550.pa1.Client - start up thread pool, waiting for connect on port: 8888 
retriving file from dir: client1
23:41:53.771 [main] INFO  com.iit.cs550.pa1.Client - host: localhost, port: 8889, rootDir: client2
23:41:54.129 [main] INFO  com.iit.cs550.pa1.Client - client dir: D:\Users\kyao4\workspace\cs550\client2 
working dir: D:\Users\kyao4\workspace\cs550
23:41:54.131 [main] INFO  com.iit.cs550.pa1.Client - start up thread pool, waiting for connect on port: 8889 
retriving file from dir: client2
23:42:30.564 [main] INFO  com.iit.cs550.pa1.Client - host: localhost, port: 8889, rootDir: client2
23:42:30.944 [main] INFO  com.iit.cs550.pa1.Client - client dir: D:\Users\kyao4\workspace\cs550\client2 
working dir: D:\Users\kyao4\workspace\cs550
23:42:30.946 [main] INFO  com.iit.cs550.pa1.Client - start up thread pool, waiting for connect on port: 8889 
retriving file from dir: client2
23:42:34.794 [Thread-1] INFO  com.iit.cs550.pa1.Client - connect to host: localhost:8888:client1, sent filename and retriving file with name foo
23:42:34.794 [pool-2-thread-1] INFO  com.iit.cs550.pa1.Client - sending file: foo from dir: client1
23:42:34.795 [Thread-1] INFO  com.iit.cs550.pa1.Client - writing foo into dir: D:\Users\kyao4\workspace\cs550\foo
23:42:34.795 [pool-2-thread-1] INFO  com.iit.cs550.pa1.Client - file foo sent.
23:42:34.796 [Thread-1] INFO  com.iit.cs550.pa1.Client - finished retriving file content.
23:46:08.851 [main] INFO  com.iit.cs550.pa1.Client - host: localhost, port: 8888, rootDir: client1
23:46:09.209 [main] INFO  com.iit.cs550.pa1.Client - client dir: D:\Users\kyao4\workspace\cs550\client1 
working dir: D:\Users\kyao4\workspace\cs550
23:46:09.211 [main] INFO  com.iit.cs550.pa1.Client - Added file foo with client localhost:8888:client1
23:46:09.212 [main] INFO  com.iit.cs550.pa1.Client - start up thread pool, waiting for connect on port: 8888 
retriving file from dir: client1
23:46:25.808 [main] INFO  com.iit.cs550.pa1.Client - host: localhost, port: 8889, rootDir: client2
23:46:26.178 [main] INFO  com.iit.cs550.pa1.Client - client dir: D:\Users\kyao4\workspace\cs550\client2 
working dir: D:\Users\kyao4\workspace\cs550
23:46:26.179 [main] INFO  com.iit.cs550.pa1.Client - start up thread pool, waiting for connect on port: 8889 
retriving file from dir: client2
23:46:29.313 [Thread-1] INFO  com.iit.cs550.pa1.Client - connect to host: localhost:8888:client1, sent filename and retriving file with name foo
23:46:29.313 [pool-2-thread-1] INFO  com.iit.cs550.pa1.Client - sending file: foo from dir: client1
23:46:29.314 [Thread-1] INFO  com.iit.cs550.pa1.Client - writing foo into dir: D:\Users\kyao4\workspace\cs550\client1\foo
23:46:29.315 [pool-2-thread-1] INFO  com.iit.cs550.pa1.Client - file foo sent.
23:46:29.316 [Thread-1] INFO  com.iit.cs550.pa1.Client - finished retriving file content.
22:47:38.624 [main] INFO  com.iit.cs550.pa1.Client - host: localhost, port: 8888, rootDir: client1
22:47:39.977 [main] INFO  com.iit.cs550.pa1.Client - client dir: D:\Users\kyao4\workspace\cs550\client1 
working dir: D:\Users\kyao4\workspace\cs550
22:47:40.988 [main] INFO  com.iit.cs550.pa1.Client - start up thread pool, waiting for connect on port: 8888 
retriving file from dir: client1
22:50:13.878 [main] INFO  com.iit.cs550.pa1.Client - host: localhost, port: 8888, rootDir: client1
22:50:14.233 [main] INFO  com.iit.cs550.pa1.Client - client dir: D:\Users\kyao4\workspace\cs550\client1 
working dir: D:\Users\kyao4\workspace\cs550
22:50:14.237 [main] INFO  com.iit.cs550.pa1.Client - Added file foo with client localhost:8888:client1
22:50:14.237 [main] INFO  com.iit.cs550.pa1.Client - start up thread pool, waiting for connect on port: 8888 
retriving file from dir: client1
22:50:27.064 [main] INFO  com.iit.cs550.pa1.Client - host: localhost, port: 8889, rootDir: client2
22:50:27.427 [main] INFO  com.iit.cs550.pa1.Client - client dir: D:\Users\kyao4\workspace\cs550\client2 
working dir: D:\Users\kyao4\workspace\cs550
22:50:27.429 [main] INFO  com.iit.cs550.pa1.Client - start up thread pool, waiting for connect on port: 8889 
retriving file from dir: client2
22:50:30.853 [Thread-1] INFO  com.iit.cs550.pa1.Client - connect to host: localhost:8888:client1, sent filename and retriving file with name foo
22:50:30.853 [pool-2-thread-1] INFO  com.iit.cs550.pa1.Client - sending file: foo from dir: client1
22:50:30.855 [Thread-1] INFO  com.iit.cs550.pa1.Client - writing foo into dir: D:\Users\kyao4\workspace\cs550\client2\foo
22:50:30.856 [pool-2-thread-1] INFO  com.iit.cs550.pa1.Client - file foo sent.
22:50:30.856 [Thread-1] INFO  com.iit.cs550.pa1.Client - finished retriving file content.
22:50:55.327 [Thread-1] INFO  com.iit.cs550.pa1.Client - connect to host: localhost:8888:client1, sent filename and retriving file with name foo
22:50:55.328 [Thread-1] INFO  com.iit.cs550.pa1.Client - writing foo into dir: D:\Users\kyao4\workspace\cs550\client2\foo
22:50:55.329 [pool-2-thread-2] INFO  com.iit.cs550.pa1.Client - sending file: foo from dir: client1
22:50:55.330 [pool-2-thread-2] INFO  com.iit.cs550.pa1.Client - file foo sent.
22:50:55.331 [Thread-1] INFO  com.iit.cs550.pa1.Client - finished retriving file content.
